TN:
SF:/Users/aldrinclement/Documents/nuvo/nuvo-web/src/js/App.js
FN:7,_interopRequireDefault
FN:19,(anonymous_1)
FNF:2
FNH:0
FNDA:0,_interopRequireDefault
FNDA:0,(anonymous_1)
DA:1,0
DA:2,0
DA:3,0
DA:4,0
DA:5,0
DA:6,0
DA:7,0
DA:9,0
DA:10,0
DA:11,0
DA:12,0
DA:13,0
DA:15,0
DA:17,0
DA:19,0
LF:15
LH:0
BRDA:7,0,0,0
BRDA:7,0,1,0
BRDA:7,1,0,0
BRDA:7,1,1,0
BRF:4
BRH:0
end_of_record
TN:
SF:/Users/aldrinclement/Documents/nuvo/nuvo-web/src/js/index.js
FN:9,_interopRequireDefault
FNF:1
FNH:0
FNDA:0,_interopRequireDefault
DA:1,0
DA:2,0
DA:4,0
DA:5,0
DA:7,0
DA:9,0
DA:11,0
DA:13,0
DA:14,0
DA:16,0
LF:10
LH:0
BRDA:9,0,0,0
BRDA:9,0,1,0
BRDA:9,1,0,0
BRDA:9,1,1,0
BRF:4
BRH:0
end_of_record
TN:
SF:/Users/aldrinclement/Documents/nuvo/nuvo-web/src/js/store.js
FNF:0
FNH:0
LF:0
LH:0
BRF:0
BRH:0
end_of_record
TN:
SF:/Users/aldrinclement/Documents/nuvo/nuvo-web/src/js/actions/dashboard.js
FN:14,loadDashboard
FN:14,(anonymous_1)
FN:14,(anonymous_2)
FN:14,(anonymous_3)
FN:14,unloadDashboard
FNF:5
FNH:0
FNDA:0,loadDashboard
FNDA:0,(anonymous_1)
FNDA:0,(anonymous_2)
FNDA:0,(anonymous_3)
FNDA:0,unloadDashboard
DA:1,0
DA:4,0
DA:14,0
DA:15,0
DA:16,0
LF:5
LH:0
BRF:0
BRH:0
end_of_record
TN:
SF:/Users/aldrinclement/Documents/nuvo/nuvo-web/src/js/actions/index.js
FNF:0
FNH:0
DA:4,1
DA:5,1
DA:6,1
DA:9,1
DA:10,1
DA:13,1
DA:14,1
DA:15,1
DA:16,1
DA:19,1
DA:20,1
DA:21,1
LF:12
LH:12
BRF:0
BRH:0
end_of_record
TN:
SF:/Users/aldrinclement/Documents/nuvo/nuvo-web/src/js/actions/nav.js
FN:3,navActivate
FN:7,navEnable
FN:11,navResponsive
FNF:3
FNH:0
FNDA:0,navActivate
FNDA:0,navEnable
FNDA:0,navResponsive
DA:4,0
DA:8,0
DA:12,0
LF:3
LH:0
BRF:0
BRH:0
end_of_record
TN:
SF:/Users/aldrinclement/Documents/nuvo/nuvo-web/src/js/actions/session.js
FN:7,initialize
FN:8,(anonymous_1)
FN:21,login
FN:22,(anonymous_3)
FN:24,(anonymous_4)
FN:39,(anonymous_5)
FN:51,logout
FN:52,(anonymous_7)
FNF:8
FNH:0
FNDA:0,initialize
FNDA:0,(anonymous_1)
FNDA:0,login
FNDA:0,(anonymous_3)
FNDA:0,(anonymous_4)
FNDA:0,(anonymous_5)
FNDA:0,logout
FNDA:0,(anonymous_7)
DA:5,1
DA:8,0
DA:9,0
DA:10,0
DA:11,0
DA:16,0
DA:22,0
DA:23,0
DA:25,0
DA:26,0
DA:27,0
DA:28,0
DA:29,0
DA:30,0
DA:32,0
DA:37,0
DA:40,0
DA:52,0
DA:53,0
DA:54,0
DA:55,0
DA:56,0
DA:57,0
DA:58,0
DA:59,0
DA:63,0
LF:26
LH:1
BRDA:10,0,0,0
BRDA:10,0,1,0
BRDA:10,1,0,0
BRDA:10,1,1,0
BRF:4
BRH:0
end_of_record
TN:
SF:/Users/aldrinclement/Documents/nuvo/nuvo-web/src/js/actions/tasks.js
FN:29,loadTasks
FN:29,(anonymous_1)
FN:29,(anonymous_2)
FN:29,(anonymous_3)
FN:29,unloadTasks
FN:29,loadTask
FN:29,(anonymous_6)
FN:29,(anonymous_7)
FN:29,(anonymous_8)
FN:29,unloadTask
FNF:10
FNH:0
FNDA:0,loadTasks
FNDA:0,(anonymous_1)
FNDA:0,(anonymous_2)
FNDA:0,(anonymous_3)
FNDA:0,unloadTasks
FNDA:0,loadTask
FNDA:0,(anonymous_6)
FNDA:0,(anonymous_7)
FNDA:0,(anonymous_8)
FNDA:0,unloadTask
DA:1,0
DA:4,0
DA:14,0
DA:19,0
DA:29,0
DA:30,0
DA:31,0
LF:7
LH:0
BRF:0
BRH:0
end_of_record
TN:
SF:/Users/aldrinclement/Documents/nuvo/nuvo-web/src/js/api/dashboard.js
FN:10,watchDashboard
FN:10,unwatchDashboard
FNF:2
FNH:0
FNDA:0,watchDashboard
FNDA:0,unwatchDashboard
DA:1,0
DA:5,0
DA:10,0
DA:11,0
DA:12,0
LF:5
LH:0
BRDA:11,0,0,0
BRDA:11,0,1,0
BRF:2
BRH:0
end_of_record
TN:
SF:/Users/aldrinclement/Documents/nuvo/nuvo-web/src/js/api/request-watcher.js
FN:3,_getRequest
FN:11,(anonymous_1)
FN:17,(anonymous_2)
FN:24,(anonymous_3)
FN:49,(anonymous_4)
FN:57,(anonymous_5)
FN:58,(anonymous_6)
FN:66,(anonymous_7)
FN:76,(anonymous_8)
FN:80,(anonymous_9)
FN:93,(anonymous_10)
FN:100,(anonymous_11)
FN:103,(anonymous_12)
FN:116,(anonymous_13)
FN:120,(anonymous_14)
FN:124,(anonymous_15)
FN:139,start
FN:155,stop
FN:156,(anonymous_18)
FNF:19
FNH:1
FNDA:0,_getRequest
FNDA:0,(anonymous_1)
FNDA:0,(anonymous_2)
FNDA:1,(anonymous_3)
FNDA:0,(anonymous_4)
FNDA:0,(anonymous_5)
FNDA:0,(anonymous_6)
FNDA:0,(anonymous_7)
FNDA:0,(anonymous_8)
FNDA:0,(anonymous_9)
FNDA:0,(anonymous_10)
FNDA:0,(anonymous_11)
FNDA:0,(anonymous_12)
FNDA:0,(anonymous_13)
FNDA:0,(anonymous_14)
FNDA:0,(anonymous_15)
FNDA:0,start
FNDA:0,stop
FNDA:0,(anonymous_18)
DA:4,0
DA:5,0
DA:7,0
DA:8,0
DA:12,0
DA:17,0
DA:21,1
DA:25,1
DA:33,1
DA:34,1
DA:35,1
DA:36,0
DA:37,0
DA:39,0
DA:40,0
DA:44,0
DA:50,0
DA:51,0
DA:52,0
DA:53,0
DA:54,0
DA:58,0
DA:59,0
DA:68,0
DA:69,0
DA:70,0
DA:77,0
DA:80,0
DA:81,0
DA:82,0
DA:83,0
DA:85,0
DA:87,0
DA:89,0
DA:94,0
DA:95,0
DA:96,0
DA:101,0
DA:103,0
DA:104,0
DA:107,0
DA:109,0
DA:110,0
DA:117,0
DA:121,0
DA:125,0
DA:129,0
DA:130,0
DA:132,0
DA:133,0
DA:134,0
DA:135,0
DA:137,0
DA:140,0
DA:141,0
DA:145,0
DA:146,0
DA:147,0
DA:153,0
DA:156,0
DA:157,0
DA:158,0
DA:159,0
DA:160,0
DA:162,0
DA:163,0
DA:166,0
DA:169,0
DA:173,0
LF:69
LH:5
BRDA:4,0,0,0
BRDA:4,0,1,0
BRDA:24,1,0,1
BRDA:35,2,0,0
BRDA:35,2,1,1
BRDA:36,3,0,0
BRDA:36,3,1,0
BRDA:39,4,0,0
BRDA:39,4,1,0
BRDA:39,5,0,0
BRDA:39,5,1,0
BRDA:81,6,0,0
BRDA:81,6,1,0
BRDA:82,7,0,0
BRDA:82,7,1,0
BRDA:94,8,0,0
BRDA:94,8,1,0
BRDA:132,9,0,0
BRDA:132,9,1,0
BRDA:134,10,0,0
BRDA:134,10,1,0
BRDA:140,11,0,0
BRDA:140,11,1,0
BRDA:146,12,0,0
BRDA:146,12,1,0
BRDA:157,13,0,0
BRDA:157,13,1,0
BRDA:158,14,0,0
BRDA:158,14,1,0
BRDA:160,15,0,0
BRDA:160,15,1,0
BRF:31
BRH:2
end_of_record
TN:
SF:/Users/aldrinclement/Documents/nuvo/nuvo-web/src/js/api/session.js
FN:3,postSession
FN:13,deleteSession
FNF:2
FNH:0
FNDA:0,postSession
FNDA:0,deleteSession
DA:4,0
DA:10,0
DA:14,0
DA:19,0
LF:4
LH:0
BRF:0
BRH:0
end_of_record
TN:
SF:/Users/aldrinclement/Documents/nuvo/nuvo-web/src/js/api/tasks.js
FN:35,_interopRequireDefault
FN:35,watchTasks
FN:35,unwatchTasks
FN:35,watchTask
FN:35,unwatchTask
FNF:5
FNH:0
FNDA:0,_interopRequireDefault
FNDA:0,watchTasks
FNDA:0,unwatchTasks
FNDA:0,watchTask
FNDA:0,unwatchTask
DA:1,0
DA:17,0
DA:22,0
DA:30,0
DA:35,0
DA:36,0
DA:37,0
LF:7
LH:0
BRDA:35,0,0,0
BRDA:35,0,1,0
BRDA:35,1,0,0
BRDA:35,1,1,0
BRDA:35,2,0,0
BRDA:35,2,1,0
BRDA:35,3,0,0
BRDA:35,3,1,0
BRDA:35,4,0,0
BRDA:35,4,1,0
BRDA:36,5,0,0
BRDA:36,5,1,0
BRF:12
BRH:0
end_of_record
TN:
SF:/Users/aldrinclement/Documents/nuvo/nuvo-web/src/js/api/utils.js
FN:8,headers
FN:12,parseJSON
FN:19,updateHeaders
FN:21,(anonymous_3)
FNF:4
FNH:0
FNDA:0,headers
FNDA:0,parseJSON
FNDA:0,updateHeaders
FNDA:0,(anonymous_3)
DA:3,1
DA:9,0
DA:13,0
DA:14,0
DA:16,0
DA:20,0
DA:21,0
DA:22,0
DA:23,0
DA:28,1
LF:10
LH:2
BRDA:13,0,0,0
BRDA:13,0,1,0
BRDA:22,1,0,0
BRDA:22,1,1,0
BRF:4
BRH:0
end_of_record
TN:
SF:/Users/aldrinclement/Documents/nuvo/nuvo-web/src/js/components/Logo.js
FN:1,(anonymous_0)
FN:1,defineProperties
FN:1,(anonymous_2)
FN:1,_interopRequireDefault
FN:1,_classCallCheck
FN:1,_possibleConstructorReturn
FN:1,_inherits
FN:3,(anonymous_7)
FN:3,Logo
FN:3,render
FNF:10
FNH:0
FNDA:0,(anonymous_0)
FNDA:0,defineProperties
FNDA:0,(anonymous_2)
FNDA:0,_interopRequireDefault
FNDA:0,_classCallCheck
FNDA:0,_possibleConstructorReturn
FNDA:0,_inherits
FNDA:0,(anonymous_7)
FNDA:0,Logo
FNDA:0,render
DA:1,0
DA:3,0
DA:5,0
DA:44,0
LF:4
LH:0
BRDA:1,0,0,0
BRDA:1,0,1,0
BRDA:1,1,0,0
BRDA:1,1,1,0
BRDA:1,2,0,0
BRDA:1,2,1,0
BRDA:1,3,0,0
BRDA:1,3,1,0
BRDA:1,4,0,0
BRDA:1,4,1,0
BRDA:1,5,0,0
BRDA:1,5,1,0
BRDA:1,6,0,0
BRDA:1,6,1,0
BRDA:1,7,0,0
BRDA:1,7,1,0
BRDA:1,8,0,0
BRDA:1,8,1,0
BRDA:1,9,0,0
BRDA:1,9,1,0
BRDA:1,9,2,0
BRDA:1,10,0,0
BRDA:1,10,1,0
BRDA:1,11,0,0
BRDA:1,11,1,0
BRDA:1,12,0,0
BRDA:1,12,1,0
BRDA:1,13,0,0
BRDA:1,13,1,0
BRDA:1,14,0,0
BRDA:1,14,1,0
BRDA:3,15,0,0
BRDA:3,15,1,0
BRF:33
BRH:0
end_of_record
TN:
SF:/Users/aldrinclement/Documents/nuvo/nuvo-web/src/js/components/Main.js
FN:1,(anonymous_0)
FN:1,defineProperties
FN:1,(anonymous_2)
FN:15,_interopRequireDefault
FN:15,_classCallCheck
FN:15,_possibleConstructorReturn
FN:15,_inherits
FN:28,(anonymous_7)
FN:29,Main
FN:33,componentDidMount
FN:37,render
FN:42,(anonymous_11)
FN:60,render
FNF:13
FNH:0
FNDA:0,(anonymous_0)
FNDA:0,defineProperties
FNDA:0,(anonymous_2)
FNDA:0,_interopRequireDefault
FNDA:0,_classCallCheck
FNDA:0,_possibleConstructorReturn
FNDA:0,_inherits
FNDA:0,(anonymous_7)
FNDA:0,Main
FNDA:0,componentDidMount
FNDA:0,render
FNDA:0,(anonymous_11)
FNDA:0,render
DA:1,0
DA:2,0
DA:3,0
DA:4,0
DA:5,0
DA:6,0
DA:7,0
DA:8,0
DA:9,0
DA:10,0
DA:11,0
DA:12,0
DA:13,0
DA:15,0
DA:17,0
DA:22,0
DA:28,0
DA:29,0
DA:31,0
DA:32,0
DA:33,0
DA:36,0
DA:40,0
DA:42,0
DA:43,0
DA:44,0
DA:47,0
DA:60,0
DA:78,0
LF:29
LH:0
BRDA:1,0,0,0
BRDA:1,0,1,0
BRDA:1,1,0,0
BRDA:1,1,1,0
BRDA:1,2,0,0
BRDA:1,2,1,0
BRDA:1,3,0,0
BRDA:1,3,1,0
BRDA:15,4,0,0
BRDA:15,4,1,0
BRDA:15,5,0,0
BRDA:15,5,1,0
BRDA:15,6,0,0
BRDA:15,6,1,0
BRDA:15,7,0,0
BRDA:15,7,1,0
BRDA:15,8,0,0
BRDA:15,8,1,0
BRDA:15,9,0,0
BRDA:15,9,1,0
BRDA:15,9,2,0
BRDA:15,10,0,0
BRDA:15,10,1,0
BRDA:15,11,0,0
BRDA:15,11,1,0
BRDA:15,12,0,0
BRDA:15,12,1,0
BRDA:15,13,0,0
BRDA:15,13,1,0
BRDA:15,14,0,0
BRDA:15,14,1,0
BRDA:29,15,0,0
BRDA:29,15,1,0
BRF:33
BRH:0
end_of_record
TN:
SF:/Users/aldrinclement/Documents/nuvo/nuvo-web/src/js/components/NavControl.js
FN:1,(anonymous_0)
FN:1,defineProperties
FN:1,(anonymous_2)
FN:11,_interopRequireDefault
FN:11,_classCallCheck
FN:11,_possibleConstructorReturn
FN:11,_inherits
FN:13,(anonymous_7)
FN:13,NavControl
FN:13,render
FN:24,onClick
FN:53,select
FNF:12
FNH:0
FNDA:0,(anonymous_0)
FNDA:0,defineProperties
FNDA:0,(anonymous_2)
FNDA:0,_interopRequireDefault
FNDA:0,_classCallCheck
FNDA:0,_possibleConstructorReturn
FNDA:0,_inherits
FNDA:0,(anonymous_7)
FNDA:0,NavControl
FNDA:0,render
FNDA:0,onClick
FNDA:0,select
DA:1,0
DA:3,0
DA:4,0
DA:6,0
DA:7,0
DA:8,0
DA:9,0
DA:11,0
DA:13,0
DA:14,0
DA:18,0
DA:20,0
DA:21,0
DA:22,0
DA:23,0
DA:24,0
DA:32,0
DA:34,0
DA:35,0
DA:38,0
DA:47,0
DA:53,0
DA:54,0
LF:23
LH:0
BRDA:1,0,0,0
BRDA:1,0,1,0
BRDA:1,1,0,0
BRDA:1,1,1,0
BRDA:1,2,0,0
BRDA:1,2,1,0
BRDA:1,3,0,0
BRDA:1,3,1,0
BRDA:11,4,0,0
BRDA:11,4,1,0
BRDA:11,5,0,0
BRDA:11,5,1,0
BRDA:11,6,0,0
BRDA:11,6,1,0
BRDA:11,7,0,0
BRDA:11,7,1,0
BRDA:11,8,0,0
BRDA:11,8,1,0
BRDA:11,9,0,0
BRDA:11,9,1,0
BRDA:11,9,2,0
BRDA:11,10,0,0
BRDA:11,10,1,0
BRDA:11,11,0,0
BRDA:11,11,1,0
BRDA:11,12,0,0
BRDA:11,12,1,0
BRDA:11,13,0,0
BRDA:11,13,1,0
BRDA:11,14,0,0
BRDA:11,14,1,0
BRDA:13,15,0,0
BRDA:13,15,1,0
BRDA:21,16,0,0
BRDA:21,16,1,0
BRDA:22,17,0,0
BRDA:22,17,1,0
BRF:37
BRH:0
end_of_record
TN:
SF:/Users/aldrinclement/Documents/nuvo/nuvo-web/src/js/components/NavFooter.js
FN:1,(anonymous_0)
FN:1,defineProperties
FN:1,(anonymous_2)
FN:6,_interopRequireDefault
FN:6,_classCallCheck
FN:6,_possibleConstructorReturn
FN:6,_inherits
FN:8,(anonymous_7)
FN:8,NavFooter
FN:8,render
FNF:10
FNH:0
FNDA:0,(anonymous_0)
FNDA:0,defineProperties
FNDA:0,(anonymous_2)
FNDA:0,_interopRequireDefault
FNDA:0,_classCallCheck
FNDA:0,_possibleConstructorReturn
FNDA:0,_inherits
FNDA:0,(anonymous_7)
FNDA:0,NavFooter
FNDA:0,render
DA:1,0
DA:2,0
DA:3,0
DA:4,0
DA:5,0
DA:6,0
DA:8,0
DA:10,0
DA:23,0
LF:9
LH:0
BRDA:1,0,0,0
BRDA:1,0,1,0
BRDA:1,1,0,0
BRDA:1,1,1,0
BRDA:1,2,0,0
BRDA:1,2,1,0
BRDA:1,3,0,0
BRDA:1,3,1,0
BRDA:6,4,0,0
BRDA:6,4,1,0
BRDA:6,5,0,0
BRDA:6,5,1,0
BRDA:6,6,0,0
BRDA:6,6,1,0
BRDA:6,7,0,0
BRDA:6,7,1,0
BRDA:6,8,0,0
BRDA:6,8,1,0
BRDA:6,9,0,0
BRDA:6,9,1,0
BRDA:6,9,2,0
BRDA:6,10,0,0
BRDA:6,10,1,0
BRDA:6,11,0,0
BRDA:6,11,1,0
BRDA:6,12,0,0
BRDA:6,12,1,0
BRDA:6,13,0,0
BRDA:6,13,1,0
BRDA:6,14,0,0
BRDA:6,14,1,0
BRDA:8,15,0,0
BRDA:8,15,1,0
BRF:33
BRH:0
end_of_record
TN:
SF:/Users/aldrinclement/Documents/nuvo/nuvo-web/src/js/components/NavHeader.js
FN:1,(anonymous_0)
FN:1,defineProperties
FN:1,(anonymous_2)
FN:9,_interopRequireDefault
FN:9,_classCallCheck
FN:9,_possibleConstructorReturn
FN:9,_inherits
FN:11,(anonymous_7)
FN:12,NavHeader
FN:33,login
FN:37,logout
FN:43,componentDidMount
FN:46,(anonymous_12)
FN:47,checkAuthentication
FN:56,handleScroll
FN:74,render
FNF:16
FNH:0
FNDA:0,(anonymous_0)
FNDA:0,defineProperties
FNDA:0,(anonymous_2)
FNDA:0,_interopRequireDefault
FNDA:0,_classCallCheck
FNDA:0,_possibleConstructorReturn
FNDA:0,_inherits
FNDA:0,(anonymous_7)
FNDA:0,NavHeader
FNDA:0,login
FNDA:0,logout
FNDA:0,componentDidMount
FNDA:0,(anonymous_12)
FNDA:0,checkAuthentication
FNDA:0,handleScroll
FNDA:0,render
DA:1,0
DA:2,0
DA:3,0
DA:4,0
DA:5,0
DA:6,0
DA:7,0
DA:8,0
DA:9,0
DA:11,0
DA:12,0
DA:14,0
DA:29,0
DA:30,0
DA:31,0
DA:32,0
DA:33,0
DA:41,0
DA:42,0
DA:45,0
DA:46,0
DA:50,0
DA:51,0
DA:52,0
DA:53,0
DA:54,0
DA:59,0
DA:60,0
DA:77,0
DA:83,0
DA:84,0
DA:89,0
DA:93,0
DA:100,0
DA:103,0
DA:113,0
DA:123,0
DA:163,0
DA:166,0
DA:171,0
DA:172,0
LF:41
LH:0
BRDA:1,0,0,0
BRDA:1,0,1,0
BRDA:1,1,0,0
BRDA:1,1,1,0
BRDA:1,2,0,0
BRDA:1,2,1,0
BRDA:1,3,0,0
BRDA:1,3,1,0
BRDA:9,4,0,0
BRDA:9,4,1,0
BRDA:9,5,0,0
BRDA:9,5,1,0
BRDA:9,6,0,0
BRDA:9,6,1,0
BRDA:9,7,0,0
BRDA:9,7,1,0
BRDA:9,8,0,0
BRDA:9,8,1,0
BRDA:9,9,0,0
BRDA:9,9,1,0
BRDA:9,9,2,0
BRDA:9,10,0,0
BRDA:9,10,1,0
BRDA:9,11,0,0
BRDA:9,11,1,0
BRDA:9,12,0,0
BRDA:9,12,1,0
BRDA:9,13,0,0
BRDA:9,13,1,0
BRDA:9,14,0,0
BRDA:9,14,1,0
BRDA:12,15,0,0
BRDA:12,15,1,0
BRDA:14,16,0,0
BRDA:14,16,1,0
BRDA:51,17,0,0
BRDA:51,17,1,0
BRDA:59,18,0,0
BRDA:59,18,1,0
BRDA:60,19,0,0
BRDA:60,19,1,0
BRDA:103,20,0,0
BRDA:103,20,1,0
BRDA:113,21,0,0
BRDA:113,21,1,0
BRF:45
BRH:0
end_of_record
TN:
SF:/Users/aldrinclement/Documents/nuvo/nuvo-web/src/js/components/NavSidebar.js
FN:18,(anonymous_0)
FN:23,(anonymous_1)
FN:27,(anonymous_2)
FN:32,(anonymous_3)
FN:81,(anonymous_4)
FNF:5
FNH:0
FNDA:0,(anonymous_0)
FNDA:0,(anonymous_1)
FNDA:0,(anonymous_2)
FNDA:0,(anonymous_3)
FNDA:0,(anonymous_4)
DA:19,0
DA:20,0
DA:24,0
DA:30,0
DA:32,0
DA:33,0
DA:36,0
DA:61,1
DA:69,1
DA:81,1
LF:10
LH:3
BRF:0
BRH:0
end_of_record
TN:
SF:/Users/aldrinclement/Documents/nuvo/nuvo-web/src/js/components/OktaSignInWidget.js
FN:1,(anonymous_0)
FN:1,defineProperties
FN:1,(anonymous_2)
FN:5,_interopRequireDefault
FN:5,_classCallCheck
FN:5,_possibleConstructorReturn
FN:5,_inherits
FN:7,(anonymous_7)
FN:7,OktaSignInWidget
FN:7,componentDidMount
FN:14,componentWillUnmount
FN:18,render
FNF:12
FNH:0
FNDA:0,(anonymous_0)
FNDA:0,defineProperties
FNDA:0,(anonymous_2)
FNDA:0,_interopRequireDefault
FNDA:0,_classCallCheck
FNDA:0,_possibleConstructorReturn
FNDA:0,_inherits
FNDA:0,(anonymous_7)
FNDA:0,OktaSignInWidget
FNDA:0,componentDidMount
FNDA:0,componentWillUnmount
FNDA:0,render
DA:1,0
DA:2,0
DA:3,0
DA:4,0
DA:5,0
DA:7,0
DA:9,0
DA:10,0
DA:13,0
DA:17,0
DA:21,0
DA:22,0
LF:12
LH:0
BRDA:1,0,0,0
BRDA:1,0,1,0
BRDA:1,1,0,0
BRDA:1,1,1,0
BRDA:1,2,0,0
BRDA:1,2,1,0
BRDA:1,3,0,0
BRDA:1,3,1,0
BRDA:5,4,0,0
BRDA:5,4,1,0
BRDA:5,5,0,0
BRDA:5,5,1,0
BRDA:5,6,0,0
BRDA:5,6,1,0
BRDA:5,7,0,0
BRDA:5,7,1,0
BRDA:5,8,0,0
BRDA:5,8,1,0
BRDA:5,9,0,0
BRDA:5,9,1,0
BRDA:5,9,2,0
BRDA:5,10,0,0
BRDA:5,10,1,0
BRDA:5,11,0,0
BRDA:5,11,1,0
BRDA:5,12,0,0
BRDA:5,12,1,0
BRDA:5,13,0,0
BRDA:5,13,1,0
BRDA:5,14,0,0
BRDA:5,14,1,0
BRDA:7,15,0,0
BRDA:7,15,1,0
BRF:33
BRH:0
end_of_record
TN:
SF:/Users/aldrinclement/Documents/nuvo/nuvo-web/src/js/components/SessionMenu.js
FN:13,(anonymous_0)
FN:18,(anonymous_1)
FN:24,(anonymous_2)
FN:60,(anonymous_3)
FNF:4
FNH:0
FNDA:0,(anonymous_0)
FNDA:0,(anonymous_1)
FNDA:0,(anonymous_2)
FNDA:0,(anonymous_3)
DA:14,0
DA:15,0
DA:19,0
DA:20,0
DA:21,0
DA:29,0
DA:30,0
DA:48,1
DA:53,1
DA:60,1
LF:10
LH:3
BRF:0
BRH:0
end_of_record
TN:
SF:/Users/aldrinclement/Documents/nuvo/nuvo-web/src/js/messages/en-US.js
FNF:0
FNH:0
DA:1,0
LF:1
LH:0
BRF:0
BRH:0
end_of_record
TN:
SF:/Users/aldrinclement/Documents/nuvo/nuvo-web/src/js/messages/pt-BR.js
FNF:0
FNH:0
DA:1,0
LF:1
LH:0
BRF:0
BRH:0
end_of_record
TN:
SF:/Users/aldrinclement/Documents/nuvo/nuvo-web/src/js/reducers/dashboard.js
FN:9,(anonymous_0)
FN:16,(anonymous_1)
FNF:2
FNH:0
FNDA:0,(anonymous_0)
FNDA:0,(anonymous_1)
DA:4,1
DA:8,1
DA:10,0
DA:11,0
DA:12,0
DA:14,0
DA:16,0
LF:7
LH:2
BRDA:10,0,0,0
BRDA:10,0,1,0
BRF:2
BRH:0
end_of_record
TN:
SF:/Users/aldrinclement/Documents/nuvo/nuvo-web/src/js/reducers/nav.js
FN:18,(anonymous_0)
FN:23,(anonymous_1)
FN:25,(anonymous_2)
FNF:3
FNH:0
FNDA:0,(anonymous_0)
FNDA:0,(anonymous_1)
FNDA:0,(anonymous_2)
DA:7,1
DA:17,1
DA:18,0
DA:23,0
DA:26,0
DA:27,0
DA:28,0
DA:29,0
DA:30,0
DA:31,0
DA:33,0
LF:11
LH:2
BRDA:27,0,0,0
BRDA:27,0,1,0
BRDA:27,1,0,0
BRDA:27,1,1,0
BRDA:30,2,0,0
BRDA:30,2,1,0
BRDA:30,3,0,0
BRDA:30,3,1,0
BRF:8
BRH:0
end_of_record
TN:
SF:/Users/aldrinclement/Documents/nuvo/nuvo-web/src/js/reducers/root.js
FNF:0
FNH:0
LF:0
LH:0
BRF:0
BRH:0
end_of_record
TN:
SF:/Users/aldrinclement/Documents/nuvo/nuvo-web/src/js/reducers/session.js
FN:7,(anonymous_0)
FN:8,(anonymous_1)
FN:14,(anonymous_2)
FNF:3
FNH:0
FNDA:0,(anonymous_0)
FNDA:0,(anonymous_1)
FNDA:0,(anonymous_2)
DA:4,1
DA:6,1
DA:7,0
DA:9,0
DA:10,0
DA:12,0
DA:14,0
LF:7
LH:2
BRDA:9,0,0,0
BRDA:9,0,1,0
BRF:2
BRH:0
end_of_record
TN:
SF:/Users/aldrinclement/Documents/nuvo/nuvo-web/src/js/reducers/tasks.js
FN:10,(anonymous_0)
FN:17,(anonymous_1)
FN:18,(anonymous_2)
FN:25,(anonymous_3)
FNF:4
FNH:0
FNDA:0,(anonymous_0)
FNDA:0,(anonymous_1)
FNDA:0,(anonymous_2)
FNDA:0,(anonymous_3)
DA:4,1
DA:9,1
DA:11,0
DA:12,0
DA:13,0
DA:15,0
DA:17,0
DA:19,0
DA:20,0
DA:21,0
DA:23,0
DA:25,0
LF:12
LH:2
BRDA:11,0,0,0
BRDA:11,0,1,0
BRDA:19,1,0,0
BRDA:19,1,1,0
BRF:4
BRH:0
end_of_record
TN:
SF:/Users/aldrinclement/Documents/nuvo/nuvo-web/src/js/reducers/utils.js
FN:1,createReducer
FN:2,(anonymous_1)
FNF:2
FNH:2
FNDA:4,createReducer
FNDA:12,(anonymous_1)
DA:2,4
DA:3,12
DA:4,12
DA:5,0
LF:4
LH:3
BRDA:2,0,0,12
BRDA:4,1,0,12
BRDA:4,1,1,0
BRF:3
BRH:2
end_of_record
TN:
SF:/Users/aldrinclement/Documents/nuvo/nuvo-web/src/js/screens/Dashboard.js
FN:1,(anonymous_0)
FN:1,defineProperties
FN:1,(anonymous_2)
FN:13,_interopRequireDefault
FN:13,_classCallCheck
FN:13,_possibleConstructorReturn
FN:13,_inherits
FN:15,(anonymous_7)
FN:16,Dashboard
FN:23,checkAuthentication
FN:32,componentDidUpdate
FN:36,login
FN:41,logout
FN:46,render
FNF:14
FNH:0
FNDA:0,(anonymous_0)
FNDA:0,defineProperties
FNDA:0,(anonymous_2)
FNDA:0,_interopRequireDefault
FNDA:0,_classCallCheck
FNDA:0,_possibleConstructorReturn
FNDA:0,_inherits
FNDA:0,(anonymous_7)
FNDA:0,Dashboard
FNDA:0,checkAuthentication
FNDA:0,componentDidUpdate
FNDA:0,login
FNDA:0,logout
FNDA:0,render
DA:1,0
DA:2,0
DA:3,0
DA:4,0
DA:5,0
DA:6,0
DA:7,0
DA:8,0
DA:9,0
DA:10,0
DA:11,0
DA:12,0
DA:13,0
DA:15,0
DA:16,0
DA:18,0
DA:19,0
DA:20,0
DA:21,0
DA:22,0
DA:23,0
DA:26,0
DA:27,0
DA:28,0
DA:29,0
DA:30,0
DA:35,0
DA:40,0
DA:45,0
DA:49,0
DA:51,0
DA:57,0
DA:95,0
DA:98,0
DA:100,0
LF:35
LH:0
BRDA:1,0,0,0
BRDA:1,0,1,0
BRDA:1,1,0,0
BRDA:1,1,1,0
BRDA:1,2,0,0
BRDA:1,2,1,0
BRDA:1,3,0,0
BRDA:1,3,1,0
BRDA:13,4,0,0
BRDA:13,4,1,0
BRDA:13,5,0,0
BRDA:13,5,1,0
BRDA:13,6,0,0
BRDA:13,6,1,0
BRDA:13,7,0,0
BRDA:13,7,1,0
BRDA:13,8,0,0
BRDA:13,8,1,0
BRDA:13,9,0,0
BRDA:13,9,1,0
BRDA:13,9,2,0
BRDA:13,10,0,0
BRDA:13,10,1,0
BRDA:13,11,0,0
BRDA:13,11,1,0
BRDA:13,12,0,0
BRDA:13,12,1,0
BRDA:13,13,0,0
BRDA:13,13,1,0
BRDA:13,14,0,0
BRDA:13,14,1,0
BRDA:16,15,0,0
BRDA:16,15,1,0
BRDA:27,16,0,0
BRDA:27,16,1,0
BRDA:51,17,0,0
BRDA:51,17,1,0
BRF:37
BRH:0
end_of_record
TN:
SF:/Users/aldrinclement/Documents/nuvo/nuvo-web/src/js/screens/Homepage.js
FN:1,(anonymous_0)
FN:1,(anonymous_1)
FN:1,defineProperties
FN:1,(anonymous_3)
FN:18,_interopRequireDefault
FN:18,_classCallCheck
FN:18,_possibleConstructorReturn
FN:18,_inherits
FN:18,_toConsumableArray
FN:22,(anonymous_9)
FN:22,Homepage
FN:22,render
FN:25,CustomForm
FN:28,render
FN:33,onSubmit
FN:39,(anonymous_15)
FN:118,email
FNF:17
FNH:0
FNDA:0,(anonymous_0)
FNDA:0,(anonymous_1)
FNDA:0,defineProperties
FNDA:0,(anonymous_3)
FNDA:0,_interopRequireDefault
FNDA:0,_classCallCheck
FNDA:0,_possibleConstructorReturn
FNDA:0,_inherits
FNDA:0,_toConsumableArray
FNDA:0,(anonymous_9)
FNDA:0,Homepage
FNDA:0,render
FNDA:0,CustomForm
FNDA:0,render
FNDA:0,onSubmit
FNDA:0,(anonymous_15)
FNDA:0,email
DA:1,0
DA:2,0
DA:3,0
DA:4,0
DA:5,0
DA:6,0
DA:7,0
DA:8,0
DA:9,0
DA:10,0
DA:11,0
DA:12,0
DA:13,0
DA:14,0
DA:15,0
DA:16,0
DA:17,0
DA:18,0
DA:20,0
DA:22,0
DA:24,0
DA:25,0
DA:28,0
DA:34,0
DA:35,0
DA:39,0
DA:113,0
DA:115,0
DA:117,0
DA:119,0
DA:120,0
DA:121,0
DA:122,0
DA:124,0
DA:127,0
DA:131,0
DA:137,0
DA:143,0
DA:147,0
DA:151,0
DA:404,0
DA:407,0
DA:408,0
LF:43
LH:0
BRDA:1,0,0,0
BRDA:1,0,1,0
BRDA:1,1,0,0
BRDA:1,1,1,0
BRDA:1,2,0,0
BRDA:1,2,1,0
BRDA:1,3,0,0
BRDA:1,3,1,0
BRDA:1,4,0,0
BRDA:1,4,1,0
BRDA:1,5,0,0
BRDA:1,5,1,0
BRDA:18,6,0,0
BRDA:18,6,1,0
BRDA:18,7,0,0
BRDA:18,7,1,0
BRDA:18,8,0,0
BRDA:18,8,1,0
BRDA:18,9,0,0
BRDA:18,9,1,0
BRDA:18,10,0,0
BRDA:18,10,1,0
BRDA:18,11,0,0
BRDA:18,11,1,0
BRDA:18,11,2,0
BRDA:18,12,0,0
BRDA:18,12,1,0
BRDA:18,13,0,0
BRDA:18,13,1,0
BRDA:18,14,0,0
BRDA:18,14,1,0
BRDA:18,15,0,0
BRDA:18,15,1,0
BRDA:18,16,0,0
BRDA:18,16,1,0
BRDA:18,17,0,0
BRDA:18,17,1,0
BRDA:22,18,0,0
BRDA:22,18,1,0
BRDA:59,19,0,0
BRDA:59,19,1,0
BRDA:90,20,0,0
BRDA:90,20,1,0
BRDA:95,21,0,0
BRDA:95,21,1,0
BRDA:101,22,0,0
BRDA:101,22,1,0
BRDA:119,23,0,0
BRDA:119,23,1,0
BRDA:119,24,0,0
BRDA:119,24,1,0
BRDA:121,25,0,0
BRDA:121,25,1,0
BRF:53
BRH:0
end_of_record
TN:
SF:/Users/aldrinclement/Documents/nuvo/nuvo-web/src/js/screens/Login.js
FN:1,(anonymous_0)
FN:1,defineProperties
FN:1,(anonymous_2)
FN:8,_interopRequireDefault
FN:8,_classCallCheck
FN:8,_possibleConstructorReturn
FN:8,_inherits
FN:10,(anonymous_7)
FN:11,Login
FN:19,componentDidUpdate
FN:23,onSuccess
FN:31,onError
FN:35,checkAuthentication
FN:42,render
FN:86,auth
FNF:15
FNH:0
FNDA:0,(anonymous_0)
FNDA:0,defineProperties
FNDA:0,(anonymous_2)
FNDA:0,_interopRequireDefault
FNDA:0,_classCallCheck
FNDA:0,_possibleConstructorReturn
FNDA:0,_inherits
FNDA:0,(anonymous_7)
FNDA:0,Login
FNDA:0,componentDidUpdate
FNDA:0,onSuccess
FNDA:0,onError
FNDA:0,checkAuthentication
FNDA:0,render
FNDA:0,auth
DA:1,0
DA:2,0
DA:3,0
DA:4,0
DA:5,0
DA:6,0
DA:7,0
DA:8,0
DA:10,0
DA:11,0
DA:13,0
DA:14,0
DA:15,0
DA:18,0
DA:19,0
DA:22,0
DA:26,0
DA:27,0
DA:34,0
DA:38,0
DA:39,0
DA:40,0
DA:45,0
DA:48,0
DA:49,0
DA:77,0
DA:80,0
DA:85,0
DA:87,0
DA:89,0
LF:30
LH:0
BRDA:1,0,0,0
BRDA:1,0,1,0
BRDA:1,1,0,0
BRDA:1,1,1,0
BRDA:1,2,0,0
BRDA:1,2,1,0
BRDA:1,3,0,0
BRDA:1,3,1,0
BRDA:8,4,0,0
BRDA:8,4,1,0
BRDA:8,5,0,0
BRDA:8,5,1,0
BRDA:8,6,0,0
BRDA:8,6,1,0
BRDA:8,7,0,0
BRDA:8,7,1,0
BRDA:8,8,0,0
BRDA:8,8,1,0
BRDA:8,9,0,0
BRDA:8,9,1,0
BRDA:8,9,2,0
BRDA:8,10,0,0
BRDA:8,10,1,0
BRDA:8,11,0,0
BRDA:8,11,1,0
BRDA:8,12,0,0
BRDA:8,12,1,0
BRDA:8,13,0,0
BRDA:8,13,1,0
BRDA:8,14,0,0
BRDA:8,14,1,0
BRDA:11,15,0,0
BRDA:11,15,1,0
BRDA:26,16,0,0
BRDA:26,16,1,0
BRDA:39,17,0,0
BRDA:39,17,1,0
BRDA:48,18,0,0
BRDA:48,18,1,0
BRDA:49,19,0,0
BRDA:49,19,1,0
BRF:41
BRH:0
end_of_record
TN:
SF:/Users/aldrinclement/Documents/nuvo/nuvo-web/src/js/screens/NotFound.js
FN:1,(anonymous_0)
FN:1,defineProperties
FN:1,(anonymous_2)
FN:10,_interopRequireDefault
FN:10,_classCallCheck
FN:10,_possibleConstructorReturn
FN:10,_inherits
FN:12,(anonymous_7)
FN:12,NotFound
FN:12,componentDidMount
FN:16,componentWillUnmount
FN:20,render
FNF:12
FNH:0
FNDA:0,(anonymous_0)
FNDA:0,defineProperties
FNDA:0,(anonymous_2)
FNDA:0,_interopRequireDefault
FNDA:0,_classCallCheck
FNDA:0,_possibleConstructorReturn
FNDA:0,_inherits
FNDA:0,(anonymous_7)
FNDA:0,NotFound
FNDA:0,componentDidMount
FNDA:0,componentWillUnmount
FNDA:0,render
DA:1,0
DA:2,0
DA:4,0
DA:5,0
DA:6,0
DA:7,0
DA:9,0
DA:10,0
DA:12,0
DA:14,0
DA:15,0
DA:19,0
DA:23,0
DA:33,0
DA:36,0
DA:37,0
LF:16
LH:0
BRDA:1,0,0,0
BRDA:1,0,1,0
BRDA:1,1,0,0
BRDA:1,1,1,0
BRDA:1,2,0,0
BRDA:1,2,1,0
BRDA:1,3,0,0
BRDA:1,3,1,0
BRDA:10,4,0,0
BRDA:10,4,1,0
BRDA:10,5,0,0
BRDA:10,5,1,0
BRDA:10,6,0,0
BRDA:10,6,1,0
BRDA:10,7,0,0
BRDA:10,7,1,0
BRDA:10,8,0,0
BRDA:10,8,1,0
BRDA:10,9,0,0
BRDA:10,9,1,0
BRDA:10,9,2,0
BRDA:10,10,0,0
BRDA:10,10,1,0
BRDA:10,11,0,0
BRDA:10,11,1,0
BRDA:10,12,0,0
BRDA:10,12,1,0
BRDA:10,13,0,0
BRDA:10,13,1,0
BRDA:10,14,0,0
BRDA:10,14,1,0
BRDA:12,15,0,0
BRDA:12,15,1,0
BRF:33
BRH:0
end_of_record
TN:
SF:/Users/aldrinclement/Documents/nuvo/nuvo-web/src/js/screens/SignUp.js
FN:1,(anonymous_0)
FN:1,defineProperties
FN:1,(anonymous_2)
FN:16,_interopRequireDefault
FN:16,_classCallCheck
FN:16,_possibleConstructorReturn
FN:16,_inherits
FN:18,(anonymous_7)
FN:19,SignUp
FN:22,componentDidMount
FN:26,componentWillUnmount
FN:30,_onSubmit
FN:35,render
FN:107,select
FNF:14
FNH:0
FNDA:0,(anonymous_0)
FNDA:0,defineProperties
FNDA:0,(anonymous_2)
FNDA:0,_interopRequireDefault
FNDA:0,_classCallCheck
FNDA:0,_possibleConstructorReturn
FNDA:0,_inherits
FNDA:0,(anonymous_7)
FNDA:0,SignUp
FNDA:0,componentDidMount
FNDA:0,componentWillUnmount
FNDA:0,_onSubmit
FNDA:0,render
FNDA:0,select
DA:1,0
DA:2,0
DA:3,0
DA:4,0
DA:5,0
DA:6,0
DA:7,0
DA:8,0
DA:9,0
DA:10,0
DA:11,0
DA:12,0
DA:13,0
DA:14,0
DA:15,0
DA:16,0
DA:18,0
DA:19,0
DA:21,0
DA:22,0
DA:25,0
DA:29,0
DA:33,0
DA:34,0
DA:38,0
DA:42,0
DA:87,0
DA:90,0
DA:96,0
DA:103,0
DA:107,0
DA:108,0
LF:32
LH:0
BRDA:1,0,0,0
BRDA:1,0,1,0
BRDA:1,1,0,0
BRDA:1,1,1,0
BRDA:1,2,0,0
BRDA:1,2,1,0
BRDA:1,3,0,0
BRDA:1,3,1,0
BRDA:16,4,0,0
BRDA:16,4,1,0
BRDA:16,5,0,0
BRDA:16,5,1,0
BRDA:16,6,0,0
BRDA:16,6,1,0
BRDA:16,7,0,0
BRDA:16,7,1,0
BRDA:16,8,0,0
BRDA:16,8,1,0
BRDA:16,9,0,0
BRDA:16,9,1,0
BRDA:16,9,2,0
BRDA:16,10,0,0
BRDA:16,10,1,0
BRDA:16,11,0,0
BRDA:16,11,1,0
BRDA:16,12,0,0
BRDA:16,12,1,0
BRDA:16,13,0,0
BRDA:16,13,1,0
BRDA:16,14,0,0
BRDA:16,14,1,0
BRDA:19,15,0,0
BRDA:19,15,1,0
BRF:33
BRH:0
end_of_record
TN:
SF:/Users/aldrinclement/Documents/nuvo/nuvo-web/src/js/screens/Task.js
FN:1,(anonymous_0)
FN:1,(anonymous_1)
FN:1,defineProperties
FN:1,(anonymous_3)
FN:18,_interopRequireDefault
FN:18,_classCallCheck
FN:18,_possibleConstructorReturn
FN:18,_inherits
FN:20,(anonymous_8)
FN:20,Task
FN:20,componentDidMount
FN:28,componentWillUnmount
FN:36,render
FN:117,select
FNF:14
FNH:0
FNDA:0,(anonymous_0)
FNDA:0,(anonymous_1)
FNDA:0,defineProperties
FNDA:0,(anonymous_3)
FNDA:0,_interopRequireDefault
FNDA:0,_classCallCheck
FNDA:0,_possibleConstructorReturn
FNDA:0,_inherits
FNDA:0,(anonymous_8)
FNDA:0,Task
FNDA:0,componentDidMount
FNDA:0,componentWillUnmount
FNDA:0,render
FNDA:0,select
DA:1,0
DA:2,0
DA:4,0
DA:5,0
DA:6,0
DA:7,0
DA:8,0
DA:9,0
DA:10,0
DA:11,0
DA:12,0
DA:13,0
DA:14,0
DA:16,0
DA:18,0
DA:20,0
DA:25,0
DA:26,0
DA:27,0
DA:34,0
DA:35,0
DA:39,0
DA:41,0
DA:42,0
DA:43,0
DA:44,0
DA:52,0
DA:53,0
DA:64,0
DA:80,0
DA:102,0
DA:105,0
DA:110,0
DA:117,0
LF:34
LH:0
BRDA:1,0,0,0
BRDA:1,0,1,0
BRDA:1,1,0,0
BRDA:1,1,1,0
BRDA:1,2,0,0
BRDA:1,2,1,0
BRDA:1,3,0,0
BRDA:1,3,1,0
BRDA:1,4,0,0
BRDA:1,4,1,0
BRDA:1,5,0,0
BRDA:1,5,1,0
BRDA:18,6,0,0
BRDA:18,6,1,0
BRDA:18,7,0,0
BRDA:18,7,1,0
BRDA:18,8,0,0
BRDA:18,8,1,0
BRDA:18,9,0,0
BRDA:18,9,1,0
BRDA:18,10,0,0
BRDA:18,10,1,0
BRDA:18,11,0,0
BRDA:18,11,1,0
BRDA:18,11,2,0
BRDA:18,12,0,0
BRDA:18,12,1,0
BRDA:18,13,0,0
BRDA:18,13,1,0
BRDA:18,14,0,0
BRDA:18,14,1,0
BRDA:18,15,0,0
BRDA:18,15,1,0
BRDA:18,16,0,0
BRDA:18,16,1,0
BRDA:20,17,0,0
BRDA:20,17,1,0
BRDA:43,18,0,0
BRDA:43,18,1,0
BRDA:52,19,0,0
BRDA:52,19,1,0
BRDA:94,20,0,0
BRDA:94,20,1,0
BRF:43
BRH:0
end_of_record
TN:
SF:/Users/aldrinclement/Documents/nuvo/nuvo-web/src/js/screens/Tasks.js
FN:1,(anonymous_0)
FN:1,(anonymous_1)
FN:1,defineProperties
FN:1,(anonymous_3)
FN:22,_interopRequireDefault
FN:22,_classCallCheck
FN:22,_possibleConstructorReturn
FN:22,_inherits
FN:24,(anonymous_8)
FN:24,Tasks
FN:24,componentDidMount
FN:28,componentWillUnmount
FN:32,render
FN:61,(anonymous_13)
FN:118,select
FNF:15
FNH:0
FNDA:0,(anonymous_0)
FNDA:0,(anonymous_1)
FNDA:0,defineProperties
FNDA:0,(anonymous_3)
FNDA:0,_interopRequireDefault
FNDA:0,_classCallCheck
FNDA:0,_possibleConstructorReturn
FNDA:0,_inherits
FNDA:0,(anonymous_8)
FNDA:0,Tasks
FNDA:0,componentDidMount
FNDA:0,componentWillUnmount
FNDA:0,render
FNDA:0,(anonymous_13)
FNDA:0,select
DA:1,0
DA:2,0
DA:4,0
DA:5,0
DA:6,0
DA:7,0
DA:8,0
DA:9,0
DA:10,0
DA:11,0
DA:12,0
DA:13,0
DA:14,0
DA:15,0
DA:16,0
DA:18,0
DA:20,0
DA:22,0
DA:24,0
DA:26,0
DA:27,0
DA:31,0
DA:35,0
DA:36,0
DA:38,0
DA:39,0
DA:40,0
DA:41,0
DA:49,0
DA:50,0
DA:61,0
DA:78,0
DA:81,0
DA:100,0
DA:103,0
DA:108,0
DA:114,0
DA:118,0
LF:38
LH:0
BRDA:1,0,0,0
BRDA:1,0,1,0
BRDA:1,1,0,0
BRDA:1,1,1,0
BRDA:1,2,0,0
BRDA:1,2,1,0
BRDA:1,3,0,0
BRDA:1,3,1,0
BRDA:1,4,0,0
BRDA:1,4,1,0
BRDA:1,5,0,0
BRDA:1,5,1,0
BRDA:22,6,0,0
BRDA:22,6,1,0
BRDA:22,7,0,0
BRDA:22,7,1,0
BRDA:22,8,0,0
BRDA:22,8,1,0
BRDA:22,9,0,0
BRDA:22,9,1,0
BRDA:22,10,0,0
BRDA:22,10,1,0
BRDA:22,11,0,0
BRDA:22,11,1,0
BRDA:22,11,2,0
BRDA:22,12,0,0
BRDA:22,12,1,0
BRDA:22,13,0,0
BRDA:22,13,1,0
BRDA:22,14,0,0
BRDA:22,14,1,0
BRDA:22,15,0,0
BRDA:22,15,1,0
BRDA:22,16,0,0
BRDA:22,16,1,0
BRDA:24,17,0,0
BRDA:24,17,1,0
BRDA:40,18,0,0
BRDA:40,18,1,0
BRDA:49,19,0,0
BRDA:49,19,1,0
BRDA:61,20,0,0
BRDA:61,20,1,0
BRF:43
BRH:0
end_of_record
TN:
SF:/Users/aldrinclement/Documents/nuvo/nuvo-web/src/js/screens/utils.js
FN:5,pageLoaded
FNF:1
FNH:0
FNDA:0,pageLoaded
DA:1,0
DA:5,0
DA:6,0
DA:7,0
DA:8,0
DA:10,0
DA:12,0
DA:13,0
DA:15,0
LF:9
LH:0
BRDA:6,0,0,0
BRDA:6,0,1,0
BRDA:7,1,0,0
BRDA:7,1,1,0
BRDA:7,2,0,0
BRDA:7,2,1,0
BRF:6
BRH:0
end_of_record
